<?xml version="1.0" encoding="UTF-8"?>
<testng-results skipped="0" failed="0" total="1" passed="1">
  <reporter-output>
  </reporter-output>
  <suite name="Suite" duration-ms="188" started-at="2017-12-01T02:43:24Z" finished-at="2017-12-01T02:43:24Z">
    <groups>
    </groups>
    <test name="Test" duration-ms="188" started-at="2017-12-01T02:43:24Z" finished-at="2017-12-01T02:43:24Z">
      <class name="TestScript.NAHomeCourse">
        <test-method status="PASS" signature="setup(java.lang.String, java.lang.String)[pri:0, instance:TestScript.NAHomeCourse@6767c1fc]" name="setup" is-config="true" duration-ms="16" started-at="2017-12-01T10:43:24Z" finished-at="2017-12-01T10:43:24Z">
          <params>
            <param index="0">
              <value>
                <![CDATA[18210608699]]>
              </value>
            </param>
            <param index="1">
              <value>
                <![CDATA[false]]>
              </value>
            </param>
          </params>
          <reporter-output>
          </reporter-output>
        </test-method> <!-- setup -->
        <test-method status="PASS" signature="NAHomeCourseTest(org.testng.ITestContext)[pri:0, instance:TestScript.NAHomeCourse@6767c1fc]" name="NAHomeCourseTest" duration-ms="172" started-at="2017-12-01T10:43:24Z" finished-at="2017-12-01T10:43:24Z">
          <params>
            <param index="0">
              <value>
                <![CDATA[org.testng.TestRunner@1e127982]]>
              </value>
            </param>
          </params>
          <reporter-output>
          </reporter-output>
        </test-method> <!-- NAHomeCourseTest -->
      </class> <!-- TestScript.NAHomeCourse -->
    </test> <!-- Test -->
  </suite> <!-- Suite -->
</testng-results>
